<?xml version="1.0" encoding="UTF-8" ?>
<testsuites>
  <testsuite errors="0" failures="0" hostname="ess-VirtualBox" id="0" name="Partida" package="" tests="1" time="4.211" timestamp="2015-11-27T18:10:36">
      <properties />

      <testcase classname="grails.plugin.cucumber.CucumberTest" name="Registrar Modificacao de Placar" time="2.774" />

      <system-out><![CDATA[Feature: Partida
  
  As a membro administrador do Grupo de Atletas
  I want to adicionar e modificar partidas do Sistema de Gerenciamento de Atletas
  So that eu posso adicionar novas partidas e modificar seus jogadores, situacoes e placares

--Output from Registrar Modificacao de Placar--
  Scenario: Registrar Modificacao de Placar                                                       # Partida.feature:7
    Given que eu tenha a partida "1" salva no sistema e placar "1 x 0"                            # PartidaSteps.groovy:9
    And estou modificando as informacoes da partida como "Augusto Souza" na data "10/10/2015"     # PartidaSteps.groovy:16
    When eu modifico o placar da partida de numero "1" de "1 x 0" para "2 x 0"                    # PartidaSteps.groovy:20
    Then eu salvo a data "10/10/2015" e o nome "Augusto Souza" que fez as modificacoes no sistema # PartidaSteps.groovy:24
]]></system-out>

      <system-err><![CDATA[
--Output from Registrar Modificacao de Placar--]]></system-err>

  </testsuite>
</testsuites>
